<?xml version="1.0" encoding="UTF-8"?>
<!-- Generated by org.testng.reporters.JUnitReportReporter -->
<testsuite hostname="DESKTOP-32JIICF" failures="0" tests="1" name="pom.LoginValid" time="10.067" errors="0" timestamp="2024-09-11T22:37:19 IST" skipped="0">
  <testcase classname="pom.LoginValid" name="correctlogin" time="10.067"/>
  <system-out/>
</testsuite> <!-- pom.LoginValid -->
